TN:
SF:/home/rocksteady/folder/hh-fcc2/hardhat-smartcontract-lottery-fcc/contracts/Raffle.sol
FN:67,constructor
FN:78,enterRaffle
FN:98,checkUpkeep
FN:112,performUpkeep
FN:132,fulfillRandomWords
FN:151,getEntranceFee
FN:155,getPlayer
FN:159,getRecentWinner
FN:163,getRaffleState
FN:167,getNumWords
FN:171,getNumberOfPlayers
FN:175,getLatersTimeStamp
FN:179,getRequestConfirmations
FN:183,getInterval
FNF:14
FNH:8
FNDA:3,constructor
FNDA:5,enterRaffle
FNDA:1,checkUpkeep
FNDA:1,performUpkeep
FNDA:0,fulfillRandomWords
FNDA:5,getEntranceFee
FNDA:1,getPlayer
FNDA:0,getRecentWinner
FNDA:1,getRaffleState
FNDA:0,getNumWords
FNDA:0,getNumberOfPlayers
FNDA:0,getLatersTimeStamp
FNDA:0,getRequestConfirmations
FNDA:5,getInterval
DA:68,3
DA:69,3
DA:70,3
DA:71,3
DA:72,3
DA:73,3
DA:74,3
DA:75,3
DA:79,5
DA:80,1
DA:82,4
DA:83,1
DA:85,3
DA:86,3
DA:105,1
DA:106,1
DA:107,1
DA:108,1
DA:109,1
DA:113,1
DA:114,1
DA:115,0
DA:121,1
DA:122,1
DA:129,1
DA:136,0
DA:137,0
DA:138,0
DA:139,0
DA:140,0
DA:141,0
DA:142,0
DA:143,0
DA:144,0
DA:146,0
DA:152,5
DA:156,1
DA:160,0
DA:164,1
DA:168,0
DA:172,0
DA:176,0
DA:180,0
DA:184,5
LF:44
LH:28
BRDA:79,1,0,1
BRDA:79,1,1,4
BRDA:82,2,0,1
BRDA:82,2,1,3
BRDA:114,3,0,0
BRDA:114,3,1,1
BRDA:143,4,0,0
BRDA:143,4,1,0
BRF:8
BRH:5
end_of_record
TN:
SF:/home/rocksteady/folder/hh-fcc2/hardhat-smartcontract-lottery-fcc/contracts/test/VRFCoordinatorV2Mock.sol
FNF:0
FNH:0
LF:0
LH:0
BRF:0
BRH:0
end_of_record
